2026-07-07 00:55:13,847 [INFO] 📝 Log file: Data_Images/logs/generation_20260707_005513.log
2026-07-07 00:55:13,848 [INFO] 🎲 Random seed: 892165382 (set RANDOM_SEED = 892165382 to reproduce this exact run)
2026-07-07 00:55:13,906 [INFO] 
🎬 Generating 8 images across 8 label(s)...

2026-07-07 00:55:13,907 [INFO] 📌 hand_in_pocket [1/1] -> sample_001
2026-07-07 00:55:13,907 [INFO]    🎲 Variables: {'subject': 'man', 'age': 'young adult', 'body_type': 'an average build', 'clothing_style': 'jeans and a t-shirt', 'hand_side': 'left', 'outerwear': 'jacket', 'bag_type': 'crossbody bag', 'pocket_location': 'side pocket of their jacket', 'product': 'carton of eggs', 'shelf_level': 'middle', 'shelf_item': 'can', 'occlusion_source': 'a promotional display stand', 'both_hands_pose': 'with both arms wrapped around a shopping basket held low against their waist, hands hidden beneath it', 'framing_realism': 'The subject is angled partly away from the camera, so not every detail is perfectly visible, consistent with a real overhead security angle.', 'surrounding_products': 'canned goods and dry pantry staples', 'camera_view': 'a security camera mounted above the endcap of a supermarket aisle, looking diagonally across the shelves', 'shelf_arrangement': 'densely packed shelves with products of many different colors', 'lighting': 'lighting with visible reflections off a polished floor', 'camera_imperfections': 'The camera lens appears slightly dirty or dusty, giving the footage a faint hazy quality.', '_variant_index': 0}
2026-07-07 00:55:20,215 [INFO]    ✓ Saved to Data_Images/hand_in_pocket/sample_001.png
2026-07-07 00:55:20,215 [INFO] 📌 hand_in_bag [1/1] -> sample_001
2026-07-07 00:55:20,215 [INFO]    🎲 Variables: {'subject': 'woman', 'age': 'elderly', 'body_type': 'a heavy build', 'clothing_style': 'business casual attire', 'hand_side': 'left', 'outerwear': 'hoodie', 'bag_type': 'shoulder bag', 'pocket_location': 'side pocket of their jacket', 'product': 'snack box', 'shelf_level': 'bottom', 'shelf_item': 'box', 'occlusion_source': 'a large shelf column', 'both_hands_pose': 'with both arms wrapped around a shopping basket held low against their waist, hands hidden beneath it', 'framing_realism': 'The subject is angled partly away from the camera, so not every detail is perfectly visible, consistent with a real overhead security angle.', 'surrounding_products': 'colorful snack food and confectionery packaging', 'camera_view': 'a fixed overhead CCTV camera covering a supermarket aisle with a wide field of view', 'shelf_arrangement': 'shelves of varying height, from low to reaching near the ceiling', 'lighting': 'warm white LED lighting', 'camera_imperfections': 'The footage is slightly low-bitrate, with soft blocky compression visible in flatter areas of the image.', '_variant_index': 0}
2026-07-07 00:55:25,877 [INFO]    ✓ Saved to Data_Images/hand_in_bag/sample_001.png
2026-07-07 00:55:25,877 [INFO] 📌 hand_under_clothing [1/1] -> sample_001
2026-07-07 00:55:25,877 [INFO]    🎲 Variables: {'subject': 'man', 'age': 'middle-aged', 'body_type': 'a heavy build', 'clothing_style': 'sportswear', 'hand_side': 'right', 'outerwear': 'hoodie', 'bag_type': 'small handbag', 'pocket_location': 'side pocket of their jacket', 'product': 'bottle of shampoo', 'shelf_level': 'bottom', 'shelf_item': 'box', 'occlusion_source': 'another row of shelves', 'both_hands_pose': 'with both hands clasped together behind their back', 'framing_realism': 'The subject is captured at a slightly greater distance than usual, appearing a little smaller within the frame, typical of a wide-coverage security camera.', 'surrounding_products': 'meat and deli products in sealed packaging', 'camera_view': 'a fixed overhead CCTV camera covering a supermarket aisle with a wide field of view', 'shelf_arrangement': 'fully stocked, neatly organized shelves', 'lighting': 'slightly underexposed, darker lighting', 'camera_imperfections': "There is a faint motion blur on the moving subject, typical of a CCTV camera's slower shutter speed.", '_variant_index': 2}
2026-07-07 00:55:31,607 [INFO]    ✓ Saved to Data_Images/hand_under_clothing/sample_001.png
2026-07-07 00:55:31,608 [INFO] 📌 object_in_hand [1/1] -> sample_001
2026-07-07 00:55:31,609 [INFO]    🎲 Variables: {'subject': 'woman', 'age': 'middle-aged', 'body_type': 'an average build', 'clothing_style': 'business casual attire', 'hand_side': 'left', 'outerwear': 'hoodie', 'bag_type': 'reusable shopping bag', 'pocket_location': 'side pocket of their jacket', 'product': 'loaf of bread', 'shelf_level': 'bottom', 'shelf_item': 'bottle', 'occlusion_source': 'another row of shelves', 'both_hands_pose': 'with both arms folded down at their sides and hands tucked into opposite sleeves', 'framing_realism': 'The subject is well-centered and clearly visible within the frame.', 'surrounding_products': 'bottled beverages and soft drinks', 'camera_view': 'a high corner surveillance camera capturing customers walking along a shopping aisle', 'shelf_arrangement': 'densely packed shelves with products of many different colors', 'lighting': 'lighting with visible reflections off a polished floor', 'camera_imperfections': "There is a faint motion blur on the moving subject, typical of a CCTV camera's slower shutter speed.", '_variant_index': 0}
2026-07-07 00:55:37,250 [INFO]    ✓ Saved to Data_Images/object_in_hand/sample_001.png
2026-07-07 00:55:37,250 [INFO] 📌 interacting_with_shelf [1/1] -> sample_001
2026-07-07 00:55:37,251 [INFO]    🎲 Variables: {'subject': 'man', 'age': 'middle-aged', 'body_type': 'an average build', 'clothing_style': 'business casual attire', 'hand_side': 'left', 'outerwear': 'jacket', 'bag_type': 'small handbag', 'pocket_location': 'back pocket of their pants', 'product': 'bag of chips', 'shelf_level': 'top', 'shelf_item': 'box', 'occlusion_source': 'a large shelf column', 'both_hands_pose': 'with both arms tightly crossed over their chest, hands tucked completely out of sight', 'framing_realism': 'The subject is slightly off-center within the frame, as is common in real, unattended CCTV coverage.', 'surrounding_products': 'frozen food packages in chest freezers', 'camera_view': 'a high corner surveillance camera capturing customers walking along a shopping aisle', 'shelf_arrangement': 'sparsely stocked shelves with only a few items per row', 'lighting': 'mild natural sunlight spilling in from the store entrance', 'camera_imperfections': 'There is minor oversharpening visible in the footage, giving edges a slightly artificial halo.', '_variant_index': 0}
2026-07-07 00:55:42,267 [INFO]    ✓ Saved to Data_Images/interacting_with_shelf/sample_001.png
2026-07-07 00:55:42,268 [INFO] 📌 hand_occluded_generic [1/1] -> sample_001
2026-07-07 00:55:42,268 [INFO]    🎲 Variables: {'subject': 'man', 'age': 'young adult', 'body_type': 'a heavy build', 'clothing_style': 'sportswear', 'hand_side': 'left', 'outerwear': 'coat', 'bag_type': 'tote bag', 'pocket_location': 'back pocket of their pants', 'product': 'bottle of water', 'shelf_level': 'bottom', 'shelf_item': 'jar', 'occlusion_source': 'a promotional display stand', 'both_hands_pose': 'with both of their arms held flat behind their lower back', 'framing_realism': 'The subject is partially cropped near the edge of the frame, with an imperfect, natural security-camera composition.', 'surrounding_products': 'meat and deli products in sealed packaging', 'camera_view': 'a ceiling-mounted CCTV camera installed in the corner of a supermarket aisle, looking diagonally downward', 'shelf_arrangement': 'sparsely stocked shelves with only a few items per row', 'lighting': 'slightly dim aisle lighting', 'camera_imperfections': 'The image shows a slight rolling-shutter skew, as is common with cheaper CCTV sensors.', '_variant_index': 0}
2026-07-07 00:55:47,446 [INFO]    ✓ Saved to Data_Images/hand_occluded_generic/sample_001.png
2026-07-07 00:55:47,446 [INFO] 📌 both_hands_not_visible [1/1] -> sample_001
2026-07-07 00:55:47,447 [INFO]    🎲 Variables: {'subject': 'woman', 'age': 'middle-aged', 'body_type': 'a slim build', 'clothing_style': 'shorts and a t-shirt', 'hand_side': 'right', 'outerwear': 'jacket', 'bag_type': 'paper shopping bag', 'pocket_location': 'front pocket of their pants', 'product': 'bag of chips', 'shelf_level': 'middle', 'shelf_item': 'jar', 'occlusion_source': 'a promotional display stand', 'both_hands_pose': 'with both arms wrapped around a shopping basket held low against their waist, hands hidden beneath it', 'framing_realism': 'The subject is slightly off-center within the frame, as is common in real, unattended CCTV coverage.', 'surrounding_products': 'canned goods and dry pantry staples', 'camera_view': 'a ceiling-mounted wide-angle security camera overlooking a supermarket aisle from above', 'shelf_arrangement': 'fully stocked, neatly organized shelves', 'lighting': 'cool white LED lighting', 'camera_imperfections': 'The white balance appears slightly off, giving the image a faint color cast typical of budget CCTV hardware.', '_variant_index': 0}
2026-07-07 00:55:53,652 [INFO]    ✓ Saved to Data_Images/both_hands_not_visible/sample_001.png
2026-07-07 00:55:53,652 [INFO] 📌 no_visible_hand_interaction [1/1] -> sample_001
2026-07-07 00:55:53,652 [INFO]    🎲 Variables: {'subject': 'man', 'age': 'middle-aged', 'body_type': 'an average build', 'clothing_style': 'shorts and a t-shirt', 'hand_side': 'right', 'outerwear': 'hoodie', 'bag_type': 'reusable shopping bag', 'pocket_location': 'back pocket of their pants', 'product': 'bag of chips', 'shelf_level': 'middle', 'shelf_item': 'bottle', 'occlusion_source': 'a large shelf column', 'both_hands_pose': 'with both hands clasped together behind their back', 'framing_realism': 'The subject is angled partly away from the camera, so not every detail is perfectly visible, consistent with a real overhead security angle.', 'surrounding_products': 'fresh produce displayed in open bins and crates', 'camera_view': 'a wide-angle CCTV camera mounted near the junction of two shopping aisles', 'shelf_arrangement': 'fully stocked, neatly organized shelves', 'lighting': 'slightly overexposed lighting', 'camera_imperfections': 'The footage shows faint interlacing artifacts near moving edges, consistent with an older analog CCTV system.', '_variant_index': 1}
2026-07-07 00:55:59,729 [INFO]    ✓ Saved to Data_Images/no_visible_hand_interaction/sample_001.png
2026-07-07 00:55:59,730 [INFO] 
======================================================================
2026-07-07 00:55:59,730 [INFO] ✅ Generation complete!
2026-07-07 00:55:59,730 [INFO]    Requested: 8   Succeeded: 8   Failed: 0
2026-07-07 00:55:59,730 [INFO]    - hand_in_pocket: 1 succeeded, 0 failed
2026-07-07 00:55:59,730 [INFO]    - hand_in_bag: 1 succeeded, 0 failed
2026-07-07 00:55:59,730 [INFO]    - hand_under_clothing: 1 succeeded, 0 failed
2026-07-07 00:55:59,730 [INFO]    - object_in_hand: 1 succeeded, 0 failed
2026-07-07 00:55:59,730 [INFO]    - interacting_with_shelf: 1 succeeded, 0 failed
2026-07-07 00:55:59,730 [INFO]    - hand_occluded_generic: 1 succeeded, 0 failed
2026-07-07 00:55:59,730 [INFO]    - both_hands_not_visible: 1 succeeded, 0 failed
2026-07-07 00:55:59,730 [INFO]    - no_visible_hand_interaction: 1 succeeded, 0 failed
2026-07-07 00:55:59,730 [INFO]    Output: Data_Images/
2026-07-07 00:55:59,730 [INFO]    Metadata: Data_Images/sample_metadata.json
2026-07-07 00:55:59,730 [INFO] ======================================================================

